<?xml version="1.0" encoding="UTF-8"?>
<!-- Generated by org.testng.reporters.JUnitReportReporter -->
<testsuite skipped="0" hostname="DESKTOP-UBKM5S4" name="de.dimetis.bbm.testcases.UserrightsTestcase" tests="3" failures="0" timestamp="16 Dec 2022 10:31:18 GMT" time="32.974" errors="0">
  <testcase name="ServiceAlarm" time="0.001" classname="de.dimetis.bbm.testcases.UserrightsTestcase"/>
  <testcase name="ServiceAlarm" time="32.973" classname="de.dimetis.bbm.testcases.UserrightsTestcase"/>
  <testcase name="ServiceAlarm" time="0.000" classname="de.dimetis.bbm.testcases.UserrightsTestcase"/>
</testsuite> <!-- de.dimetis.bbm.testcases.UserrightsTestcase -->
