<?xml version="1.0" encoding="UTF-8"?>
<!-- Generated by org.testng.reporters.JUnitReportReporter -->
<testsuite skipped="0" hostname="DESKTOP-UBKM5S4" name="de.dimetis.bbm.testcases.FullRightsTestcase" tests="3" failures="0" timestamp="16 Dec 2022 10:31:18 GMT" time="75.338" errors="0">
  <testcase name="ServiceAlarm" time="75.335" classname="de.dimetis.bbm.testcases.FullRightsTestcase"/>
  <testcase name="ServiceAlarm" time="0.001" classname="de.dimetis.bbm.testcases.FullRightsTestcase"/>
  <testcase name="ServiceAlarm" time="0.002" classname="de.dimetis.bbm.testcases.FullRightsTestcase"/>
</testsuite> <!-- de.dimetis.bbm.testcases.FullRightsTestcase -->
