<?xml version="1.0" encoding="UTF-8"?>
<!-- Generated by org.testng.reporters.JUnitReportReporter -->
<testsuite skipped="0" hostname="DESKTOP-UBKM5S4" name="de.dimetis.bbm.testcases.ReadRighsTestcase" tests="3" failures="0" timestamp="16 Dec 2022 10:31:18 GMT" time="103.418" errors="0">
  <testcase name="ServiceAlarm" time="103.416" classname="de.dimetis.bbm.testcases.ReadRighsTestcase"/>
  <testcase name="ServiceAlarm" time="0.002" classname="de.dimetis.bbm.testcases.ReadRighsTestcase"/>
  <testcase name="ServiceAlarm" time="0.000" classname="de.dimetis.bbm.testcases.ReadRighsTestcase"/>
</testsuite> <!-- de.dimetis.bbm.testcases.ReadRighsTestcase -->
