<?xml version="1.0" encoding="UTF-8"?>
<!-- Generated by org.testng.reporters.JUnitReportReporter -->
<testsuite skipped="0" hostname="DESKTOP-UBKM5S4" name="de.dimetis.bbm.testcases.OIDAlarmsTestcase" tests="1" failures="0" timestamp="16 Dec 2022 10:31:18 GMT" time="100.873" errors="0">
  <testcase name="ServiceAlarm" time="100.873" classname="de.dimetis.bbm.testcases.OIDAlarmsTestcase"/>
</testsuite> <!-- de.dimetis.bbm.testcases.OIDAlarmsTestcase -->
