<?xml version="1.0" encoding="UTF-8"?>
<!-- Generated by org.testng.reporters.JUnitReportReporter -->
<testsuite skipped="0" hostname="DESKTOP-7881JK4" name="de.dimetis.bbm.testcases.LoginPageTest" tests="1" failures="0" timestamp="05 Apr 2025 09:48:40 GMT" time="2.911" errors="0">
  <testcase name="testLogin" time="2.911" classname="de.dimetis.bbm.testcases.LoginPageTest"/>
</testsuite> <!-- de.dimetis.bbm.testcases.LoginPageTest -->
