<?xml version="1.0" encoding="UTF-8"?>
<!-- Generated by org.testng.reporters.JUnitReportReporter -->
<testsuite skipped="0" hostname="DESKTOP-7881JK4" name="de.dimetis.guvi.testcases.ContactTestPage" tests="3" failures="0" timestamp="05 Apr 2025 10:33:03 GMT" time="67.630" errors="0">
  <testcase name="ContactAddTest" time="16.826" classname="de.dimetis.guvi.testcases.ContactTestPage"/>
  <testcase name="ContactAddTest" time="33.829" classname="de.dimetis.guvi.testcases.ContactTestPage"/>
  <testcase name="ContactAddTest" time="16.975" classname="de.dimetis.guvi.testcases.ContactTestPage"/>
</testsuite> <!-- de.dimetis.guvi.testcases.ContactTestPage -->
