<?xml version="1.0" encoding="UTF-8"?>
<!-- Generated by org.testng.reporters.JUnitReportReporter -->
<testsuite skipped="0" hostname="DESKTOP-7881JK4" name="de.dimetis.guvi.testcases.SelectHotelTestPage" tests="1" failures="0" timestamp="06 Apr 2025 19:17:54 GMT" time="2.834" errors="0">
  <testcase name="SelectHotelTest" time="2.834" classname="de.dimetis.guvi.testcases.SelectHotelTestPage"/>
</testsuite> <!-- de.dimetis.guvi.testcases.SelectHotelTestPage -->
