<?xml version="1.0" encoding="UTF-8"?>
<!-- Generated by org.testng.reporters.JUnitReportReporter -->
<testsuite skipped="0" hostname="DESKTOP-7881JK4" name="de.dimetis.bbm.testcases.ContactTestPage" tests="3" failures="0" timestamp="05 Apr 2025 09:48:40 GMT" time="68.453" errors="0">
  <testcase name="ContactTest" time="34.428" classname="de.dimetis.bbm.testcases.ContactTestPage"/>
  <testcase name="ContactTest" time="17.232" classname="de.dimetis.bbm.testcases.ContactTestPage"/>
  <testcase name="ContactTest" time="16.793" classname="de.dimetis.bbm.testcases.ContactTestPage"/>
</testsuite> <!-- de.dimetis.bbm.testcases.ContactTestPage -->
