<?xml version="1.0" encoding="UTF-8"?>
<!-- Generated by org.testng.reporters.JUnitReportReporter -->
<testsuite skipped="0" hostname="DESKTOP-7881JK4" name="de.dimetis.bbm.testcases.DeleteTestPage" tests="1" failures="0" timestamp="05 Apr 2025 09:48:40 GMT" time="32.248" errors="0">
  <testcase name="DeleteTest" time="32.248" classname="de.dimetis.bbm.testcases.DeleteTestPage"/>
</testsuite> <!-- de.dimetis.bbm.testcases.DeleteTestPage -->
