<?xml version="1.0" encoding="UTF-8"?>
<!-- Generated by org.testng.reporters.JUnitReportReporter -->
<testsuite skipped="0" hostname="DESKTOP-7881JK4" name="de.dimetis.guvi.testcases.BookingConfirmationTestPage" tests="1" failures="0" timestamp="06 Apr 2025 19:17:54 GMT" time="7.128" errors="0">
  <testcase name="verifyBookingConfirmation" time="7.128" classname="de.dimetis.guvi.testcases.BookingConfirmationTestPage"/>
</testsuite> <!-- de.dimetis.guvi.testcases.BookingConfirmationTestPage -->
