<?xml version="1.0" encoding="UTF-8"?>
<!-- Generated by org.testng.reporters.JUnitReportReporter -->
<testsuite skipped="0" hostname="DESKTOP-7881JK4" name="de.chennai.guvi.testcases.LoginPageTest" tests="1" failures="0" timestamp="06 Apr 2025 19:31:31 GMT" time="6.094" errors="0">
  <testcase name="testLogin" time="6.094" classname="de.chennai.guvi.testcases.LoginPageTest"/>
</testsuite> <!-- de.chennai.guvi.testcases.LoginPageTest -->
