<?xml version="1.0" encoding="UTF-8"?>
<!-- Generated by org.testng.reporters.JUnitReportReporter -->
<testsuite skipped="0" hostname="DESKTOP-7881JK4" name="de.dimetis.guvi.testcases.DeleteTestPage" tests="1" failures="0" timestamp="05 Apr 2025 10:33:03 GMT" time="31.043" errors="0">
  <testcase name="DeleteTest" time="31.043" classname="de.dimetis.guvi.testcases.DeleteTestPage"/>
</testsuite> <!-- de.dimetis.guvi.testcases.DeleteTestPage -->
